<?xml version="1.0" encoding="UTF-8"?>
<!-- Generated by org.testng.reporters.JUnitReportReporter -->
<testsuite skipped="0" hostname="PT-CTL-013" name="com.test.utilities.TestEnv" tests="1" failures="0" timestamp="2020-03-04T12:51:14 IST" time="0.012" errors="0">
  <testcase name="functionalTest" time="0.012" classname="com.test.utilities.TestEnv"/>
</testsuite> <!-- com.test.utilities.TestEnv -->
