<?xml version="1.0" encoding="UTF-8"?>
<!-- Generated by org.testng.reporters.JUnitReportReporter -->
<testsuite skipped="0" hostname="PT-CTL-013" name="com.test.utilities.TestEnv" tests="1" failures="0" timestamp="2020-03-05T12:28:19 IST" time="0.007" errors="0">
  <testcase name="functionalTest" time="0.007" classname="com.test.utilities.TestEnv"/>
  <system-out/>
</testsuite> <!-- com.test.utilities.TestEnv -->
